<?xml version="1.0" encoding="UTF-8"?>
<!-- Generated by org.testng.reporters.JUnitReportReporter -->
<testsuite hostname="MININT-O682134" failures="0" tests="1" name="Testcases.CustomContentAdd" time="0.000" errors="0" timestamp="2022-06-28T15:19:35 IST" skipped="1">
  <testcase classname="Testcases.CustomContentAdd" name="CustomContentCreation" time="0.000">
    <skipped/>
  </testcase> <!-- CustomContentCreation -->
  <system-out/>
</testsuite> <!-- Testcases.CustomContentAdd -->
