<?xml version="1.0" encoding="UTF-8"?>
<!-- Generated by org.testng.reporters.JUnitReportReporter -->
<testsuite hostname="MININT-O682134" failures="0" tests="1" name="Testcases.USS_22_Member_Professional" time="53.608" errors="0" timestamp="2022-06-29T14:27:21 IST" skipped="0">
  <testcase classname="Testcases.USS_22_Member_Professional" name="USS_22_Member_ProfessionalFunctionality" time="53.608"/>
  <system-out/>
</testsuite> <!-- Testcases.USS_22_Member_Professional -->
