<?xml version="1.0" encoding="UTF-8"?>
<!-- Generated by org.testng.reporters.JUnitReportReporter -->
<testsuite hostname="MININT-O682134" failures="0" tests="1" name="Testcases.InternalsurveyCheck" time="23.629" errors="0" timestamp="2022-05-27T14:23:20 IST" skipped="0">
  <testcase classname="Testcases.InternalsurveyCheck" name="checkQuestionnaire" time="23.629"/>
  <system-out/>
</testsuite> <!-- Testcases.InternalsurveyCheck -->
