<?xml version="1.0" encoding="UTF-8"?>
<!-- Generated by org.testng.reporters.JUnitReportReporter -->
<testsuite hostname="MININT-O682134" failures="0" tests="1" name="Testcases.CustomContentAdd" time="237.820" errors="0" timestamp="2022-05-27T13:57:55 IST" skipped="0">
  <testcase classname="Testcases.CustomContentAdd" name="CustomContentCreation" time="237.820"/>
  <system-out/>
</testsuite> <!-- Testcases.CustomContentAdd -->
