<?xml version="1.0" encoding="UTF-8"?>
<!-- Generated by org.testng.reporters.JUnitReportReporter -->
<testsuite hostname="MININT-O682134" failures="0" tests="1" name="Testcases.US_22_Member_AssetManager" time="47.759" errors="0" timestamp="2022-06-29T14:30:09 IST" skipped="0">
  <testcase classname="Testcases.US_22_Member_AssetManager" name="US_22_Member_AssetManagerFunctionality" time="47.759"/>
  <system-out/>
</testsuite> <!-- Testcases.US_22_Member_AssetManager -->
