<?xml version="1.0" encoding="UTF-8"?>
<!-- Generated by org.testng.reporters.JUnitReportReporter -->
<testsuite hostname="MININT-O682134" failures="0" tests="1" name="Testcases.BatchProcess" time="67.033" errors="0" timestamp="2022-06-01T18:02:03 IST" skipped="0">
  <testcase classname="Testcases.BatchProcess" name="BatchProcessFunctionality" time="67.033"/>
  <system-out/>
</testsuite> <!-- Testcases.BatchProcess -->
