<?xml version="1.0" encoding="UTF-8"?>
<!-- Generated by org.testng.reporters.JUnitReportReporter -->
<testsuite hostname="MININT-O682134" failures="0" tests="1" name="Testcases2.AddGoal" time="96.622" errors="0" timestamp="2022-06-28T16:26:26 IST" skipped="0">
  <testcase classname="Testcases2.AddGoal" name="AddGoalFunctionality" time="96.622"/>
  <system-out/>
</testsuite> <!-- Testcases2.AddGoal -->
