<?xml version="1.0" encoding="UTF-8"?>
<!-- Generated by org.testng.reporters.JUnitReportReporter -->
<testsuite hostname="MININT-O682134" failures="0" tests="1" name="Testcases.CC_BusinessCheck" time="0.000" errors="0" timestamp="2022-06-28T15:19:35 IST" skipped="1">
  <testcase classname="Testcases.CC_BusinessCheck" name="CC_BusinessCheckFunction" time="0.000">
    <skipped/>
  </testcase> <!-- CC_BusinessCheckFunction -->
  <system-out/>
</testsuite> <!-- Testcases.CC_BusinessCheck -->
