<?xml version="1.0" encoding="UTF-8"?>
<!-- Generated by org.testng.reporters.JUnitReportReporter -->
<testsuite hostname="MININT-O682134" failures="0" tests="1" name="Testcases.CC_MemberOfAssetManagerCheck" time="10.762" errors="0" timestamp="2022-04-26T12:39:34 IST" skipped="0">
  <testcase classname="Testcases.CC_MemberOfAssetManagerCheck" name="CC_MemberOfAssetManagerCheckFunction" time="10.762"/>
  <system-out/>
</testsuite> <!-- Testcases.CC_MemberOfAssetManagerCheck -->
