<?xml version="1.0" encoding="UTF-8"?>
<!-- Generated by org.testng.reporters.JUnitReportReporter -->
<testsuite hostname="MININT-O682134" failures="0" tests="1" name="Testcases.US_22_Configure_Professional" time="32.977" errors="0" timestamp="2022-04-26T13:01:43 IST" skipped="0">
  <testcase classname="Testcases.US_22_Configure_Professional" name="US_22_Configure_ProfessionalFunctionality" time="32.977"/>
  <system-out/>
</testsuite> <!-- Testcases.US_22_Configure_Professional -->
