<?xml version="1.0" encoding="UTF-8"?>
<!-- Generated by org.testng.reporters.JUnitReportReporter -->
<testsuite hostname="MININT-O682134" failures="0" tests="1" name="Testcases.US_143_144_ReportDownload" time="60.830" errors="0" timestamp="2022-06-28T16:09:05 IST" skipped="0">
  <testcase classname="Testcases.US_143_144_ReportDownload" name="US_143_144_ReportDownloadFunctionality" time="60.830"/>
  <system-out/>
</testsuite> <!-- Testcases.US_143_144_ReportDownload -->
