<?xml version="1.0" encoding="UTF-8"?>
<!-- Generated by org.testng.reporters.JUnitReportReporter -->
<testsuite hostname="MININT-O682134" failures="0" tests="1" name="Testcases.InternalSurveyattempt" time="75.023" errors="0" timestamp="2022-05-27T14:15:45 IST" skipped="0">
  <testcase classname="Testcases.InternalSurveyattempt" name="surveyAttempt" time="75.023"/>
  <system-out/>
</testsuite> <!-- Testcases.InternalSurveyattempt -->
