<?xml version="1.0" encoding="UTF-8"?>
<!-- Generated by org.testng.reporters.JUnitReportReporter -->
<testsuite hostname="MININT-O682134" failures="0" tests="1" name="Testcases.US_22_Member_AssetManager" time="44.926" errors="0" timestamp="2022-04-25T23:11:30 IST" skipped="0">
  <testcase classname="Testcases.US_22_Member_AssetManager" name="US_22_Member_AssetManagerFunctionality" time="44.926"/>
  <system-out/>
</testsuite> <!-- Testcases.US_22_Member_AssetManager -->
