<?xml version="1.0" encoding="UTF-8"?>
<!-- Generated by org.testng.reporters.JUnitReportReporter -->
<testsuite hostname="MININT-O682134" failures="0" tests="1" name="Testcases.USS_22_Member_Business" time="55.487" errors="0" timestamp="2022-04-25T23:23:42 IST" skipped="0">
  <testcase classname="Testcases.USS_22_Member_Business" name="USS_22_Member_BusinessFunctionality" time="55.487"/>
  <system-out/>
</testsuite> <!-- Testcases.USS_22_Member_Business -->
