<?xml version="1.0" encoding="UTF-8"?>
<!-- Generated by org.testng.reporters.JUnitReportReporter -->
<testsuite hostname="MININT-O682134" failures="0" tests="1" name="Testcases.US_48_CancelPlatformProfessional" time="49.146" errors="0" timestamp="2022-06-21T23:32:53 IST" skipped="0">
  <testcase classname="Testcases.US_48_CancelPlatformProfessional" name="CancelPlatformBusinessFunctionality" time="49.146"/>
  <system-out/>
</testsuite> <!-- Testcases.US_48_CancelPlatformProfessional -->
