<?xml version="1.0" encoding="UTF-8"?>
<!-- Generated by org.testng.reporters.JUnitReportReporter -->
<testsuite hostname="MININT-O682134" failures="0" tests="1" name="Testcases2.TaskFunctionality" time="108.227" errors="0" timestamp="2022-06-20T14:05:13 IST" skipped="0">
  <testcase classname="Testcases2.TaskFunctionality" name="TaskOperations" time="108.227"/>
  <system-out/>
</testsuite> <!-- Testcases2.TaskFunctionality -->
