<?xml version="1.0" encoding="UTF-8"?>
<!-- Generated by org.testng.reporters.JUnitReportReporter -->
<testsuite hostname="MININT-O682134" failures="0" tests="1" name="Testcases2.TaskOperations" time="113.453" errors="0" timestamp="2022-06-29T17:54:14 IST" skipped="0">
  <testcase classname="Testcases2.TaskOperations" name="TaskOperationsFunctionality" time="113.453"/>
  <system-out/>
</testsuite> <!-- Testcases2.TaskOperations -->
