<?xml version="1.0" encoding="UTF-8"?>
<!-- Generated by org.testng.reporters.JUnitReportReporter -->
<testsuite hostname="MININT-O682134" failures="0" tests="1" name="Testcases.USS_22_Member_Business" time="60.791" errors="0" timestamp="2022-06-29T14:28:53 IST" skipped="0">
  <testcase classname="Testcases.USS_22_Member_Business" name="USS_22_Member_BusinessFunctionality" time="60.791"/>
  <system-out/>
</testsuite> <!-- Testcases.USS_22_Member_Business -->
