<?xml version="1.0" encoding="UTF-8"?>
<!-- Generated by org.testng.reporters.JUnitReportReporter -->
<testsuite hostname="MININT-O682134" failures="0" tests="1" name="Testcases2.TaskFunctionality" time="107.771" errors="0" timestamp="2022-06-29T17:51:49 IST" skipped="0">
  <testcase classname="Testcases2.TaskFunctionality" name="TaskFunctionality" time="107.771"/>
  <system-out/>
</testsuite> <!-- Testcases2.TaskFunctionality -->
