<?xml version="1.0" encoding="UTF-8"?>
<!-- Generated by org.testng.reporters.JUnitReportReporter -->
<testsuite hostname="MININT-O682134" failures="0" tests="1" name="Testcases2.TaskOperations" time="111.456" errors="0" timestamp="2022-06-20T14:07:44 IST" skipped="0">
  <testcase classname="Testcases2.TaskOperations" name="TaskOperationsFunctionality" time="111.456"/>
  <system-out/>
</testsuite> <!-- Testcases2.TaskOperations -->
