<?xml version="1.0" encoding="UTF-8"?>
<!-- Generated by org.testng.reporters.JUnitReportReporter -->
<testsuite hostname="MININT-O682134" failures="0" tests="1" name="Testcases.US_142_ReportDownload" time="33.417" errors="0" timestamp="2022-05-30T14:48:32 IST" skipped="0">
  <testcase classname="Testcases.US_142_ReportDownload" name="US_142_ReportDownloadFunctionality" time="33.417"/>
  <system-out/>
</testsuite> <!-- Testcases.US_142_ReportDownload -->
