<?xml version="1.0" encoding="UTF-8"?>
<!-- Generated by org.testng.reporters.JUnitReportReporter -->
<testsuite hostname="MININT-O682134" failures="0" tests="1" name="Testcases.US_22_Configure_Business" time="39.828" errors="0" timestamp="2022-04-25T19:13:03 IST" skipped="0">
  <testcase classname="Testcases.US_22_Configure_Business" name="US_22_Configure_AssetManagerFunctionality" time="39.828"/>
  <system-out/>
</testsuite> <!-- Testcases.US_22_Configure_Business -->
