<?xml version="1.0" encoding="UTF-8"?>
<!-- Generated by org.testng.reporters.JUnitReportReporter -->
<testsuite hostname="MININT-O682134" failures="0" tests="1" name="Testcases.US_141_SurveyQuestionsView" time="53.231" errors="0" timestamp="2022-06-28T16:00:42 IST" skipped="0">
  <testcase classname="Testcases.US_141_SurveyQuestionsView" name="US_141_SurveyQuestionsViewFunctionality" time="53.231"/>
  <system-out/>
</testsuite> <!-- Testcases.US_141_SurveyQuestionsView -->
