<?xml version="1.0" encoding="UTF-8"?>
<!-- Generated by org.testng.reporters.JUnitReportReporter -->
<testsuite hostname="MININT-O682134" failures="0" tests="1" name="Testcases.USS_22_Member_Professional" time="44.112" errors="0" timestamp="2022-04-26T12:53:35 IST" skipped="0">
  <testcase classname="Testcases.USS_22_Member_Professional" name="USS_22_Member_ProfessionalFunctionality" time="44.112"/>
  <system-out/>
</testsuite> <!-- Testcases.USS_22_Member_Professional -->
