<?xml version="1.0" encoding="UTF-8"?>
<!-- Generated by org.testng.reporters.JUnitReportReporter -->
<testsuite hostname="MININT-O682134" failures="0" tests="1" name="Testcases.US_142_ReportDownload" time="0.000" errors="0" timestamp="2022-06-28T15:19:34 IST" skipped="1">
  <testcase classname="Testcases.US_142_ReportDownload" name="US_142_ReportDownloadFunctionality" time="0.000">
    <skipped/>
  </testcase> <!-- US_142_ReportDownloadFunctionality -->
  <system-out/>
</testsuite> <!-- Testcases.US_142_ReportDownload -->
