<?xml version="1.0" encoding="UTF-8"?>
<!-- Generated by org.testng.reporters.JUnitReportReporter -->
<testsuite hostname="MININT-O682134" failures="0" tests="1" name="Screens.CC_MemberOfProfessionalCheck" time="19.884" errors="0" timestamp="2022-04-22T17:03:06 IST" skipped="0">
  <testcase classname="Screens.CC_MemberOfProfessionalCheck" name="CustomContentCreation" time="19.884"/>
  <system-out/>
</testsuite> <!-- Screens.CC_MemberOfProfessionalCheck -->
