<?xml version="1.0" encoding="UTF-8"?>
<!-- Generated by org.testng.reporters.JUnitReportReporter -->
<testsuite hostname="MININT-O682134" failures="0" tests="1" name="Testcases.CC_MemberOfBusinessCheck" time="11.033" errors="0" timestamp="2022-04-26T12:06:27 IST" skipped="0">
  <testcase classname="Testcases.CC_MemberOfBusinessCheck" name="CC_MemberOfBusinessCheckFunction" time="11.033"/>
  <system-out/>
</testsuite> <!-- Testcases.CC_MemberOfBusinessCheck -->
