<?xml version="1.0" encoding="UTF-8"?>
<!-- Generated by org.testng.reporters.JUnitReportReporter -->
<testsuite hostname="MININT-O682134" failures="0" tests="1" name="Testcases.ExternalSurveyTest" time="53.704" errors="0" timestamp="2022-05-27T14:13:39 IST" skipped="0">
  <testcase classname="Testcases.ExternalSurveyTest" name="ExternalSurvey" time="53.704"/>
  <system-out/>
</testsuite> <!-- Testcases.ExternalSurveyTest -->
