<?xml version="1.0" encoding="UTF-8"?>
<!-- Generated by org.testng.reporters.JUnitReportReporter -->
<testsuite hostname="MININT-O682134" failures="0" tests="1" name="Testcases.US_143_144_ReportDownload" time="51.206" errors="0" timestamp="2022-05-27T15:14:45 IST" skipped="0">
  <testcase classname="Testcases.US_143_144_ReportDownload" name="US_143_144_ReportDownloadFunctionality" time="51.206"/>
  <system-out/>
</testsuite> <!-- Testcases.US_143_144_ReportDownload -->
