<?xml version="1.0" encoding="UTF-8"?>
<!-- Generated by org.testng.reporters.JUnitReportReporter -->
<testsuite hostname="MININT-O682134" failures="0" tests="1" name="Testcases.US_21_ProfessionalUser" time="16.823" errors="0" timestamp="2022-06-22T00:16:04 IST" skipped="0">
  <testcase classname="Testcases.US_21_ProfessionalUser" name="CheckContactUsDetailsFunctionality" time="16.823"/>
  <system-out/>
</testsuite> <!-- Testcases.US_21_ProfessionalUser -->
