<?xml version="1.0" encoding="UTF-8"?>
<!-- Generated by org.testng.reporters.JUnitReportReporter -->
<testsuite hostname="MININT-O682134" failures="0" tests="1" name="Testcases.BatchProcess" time="66.059" errors="0" timestamp="2022-06-28T15:36:46 IST" skipped="0">
  <testcase classname="Testcases.BatchProcess" name="BatchProcessFunctionality" time="66.059"/>
  <system-out/>
</testsuite> <!-- Testcases.BatchProcess -->
