<?xml version="1.0" encoding="UTF-8"?>
<!-- Generated by org.testng.reporters.JUnitReportReporter -->
<testsuite hostname="MININT-O682134" failures="0" tests="1" name="Testcases.CustomContentDelete" time="124.951" errors="0" timestamp="2022-05-27T14:12:15 IST" skipped="0">
  <testcase classname="Testcases.CustomContentDelete" name="CustomContentDeleteProcess" time="124.951"/>
  <system-out/>
</testsuite> <!-- Testcases.CustomContentDelete -->
