<?xml version="1.0" encoding="UTF-8"?>
<!-- Generated by org.testng.reporters.JUnitReportReporter -->
<testsuite hostname="MININT-O682134" failures="0" tests="1" name="Testcases.US22_Configure_AssetManager" time="36.592" errors="0" timestamp="2022-04-25T18:59:53 IST" skipped="0">
  <testcase classname="Testcases.US22_Configure_AssetManager" name="US_22_Configure_AssetManagerFunctionality" time="36.592"/>
  <system-out/>
</testsuite> <!-- Testcases.US22_Configure_AssetManager -->
