<?xml version="1.0" encoding="UTF-8"?>
<!-- Generated by org.testng.reporters.JUnitReportReporter -->
<testsuite hostname="MININT-O682134" failures="0" tests="1" name="Testcases.US_21_ProfessionalUser" time="51.023" errors="0" timestamp="2022-06-29T17:48:52 IST" skipped="0">
  <testcase classname="Testcases.US_21_ProfessionalUser" name="AddContactUsDetailsFunctionality" time="51.023"/>
  <system-out/>
</testsuite> <!-- Testcases.US_21_ProfessionalUser -->
