<?xml version="1.0" encoding="UTF-8"?>
<!-- Generated by org.testng.reporters.JUnitReportReporter -->
<testsuite hostname="MININT-O682134" failures="0" tests="1" name="Testcases.CC_BusinessCheck" time="16.684" errors="0" timestamp="2022-05-27T13:58:39 IST" skipped="0">
  <testcase classname="Testcases.CC_BusinessCheck" name="CC_BusinessCheckFunction" time="16.684"/>
  <system-out/>
</testsuite> <!-- Testcases.CC_BusinessCheck -->
